TN:
SF:controller\note_controller.js
FN:8,(anonymous_0)
FN:24,(anonymous_1)
FN:28,(anonymous_2)
FN:47,(anonymous_3)
FN:60,(anonymous_4)
FN:98,(anonymous_5)
FN:126,(anonymous_6)
FNF:7
FNH:2
FNDA:1,(anonymous_0)
FNDA:1,(anonymous_1)
FNDA:0,(anonymous_2)
FNDA:0,(anonymous_3)
FNDA:0,(anonymous_4)
FNDA:0,(anonymous_5)
FNDA:0,(anonymous_6)
DA:1,1
DA:2,1
DA:3,1
DA:4,1
DA:7,1
DA:9,1
DA:14,1
DA:15,0
DA:16,1
DA:17,1
DA:19,0
DA:25,1
DA:30,0
DA:39,0
DA:43,0
DA:48,0
DA:49,0
DA:55,0
DA:61,0
DA:62,0
DA:63,0
DA:64,0
DA:67,0
DA:74,0
DA:80,0
DA:89,0
DA:90,0
DA:91,0
DA:93,0
DA:99,0
DA:100,0
DA:101,0
DA:107,0
DA:108,0
DA:110,0
DA:120,0
DA:122,0
DA:123,0
DA:127,0
DA:128,0
DA:133,0
DA:141,1
LF:42
LH:11
BRDA:14,0,0,0
BRDA:14,0,1,1
BRDA:14,1,0,1
BRDA:14,1,1,1
BRDA:16,2,0,1
BRDA:16,2,1,0
BRDA:16,3,0,1
BRDA:16,3,1,1
BRDA:107,4,0,0
BRDA:107,4,1,0
BRF:10
BRH:6
end_of_record
TN:
SF:controller\reminder_controller.js
FN:8,(anonymous_0)
FN:42,(anonymous_1)
FN:46,(anonymous_2)
FN:68,(anonymous_3)
FN:96,(anonymous_4)
FN:106,(anonymous_5)
FN:137,(anonymous_6)
FN:146,(anonymous_7)
FN:148,(anonymous_8)
FN:167,(anonymous_9)
FN:169,(anonymous_10)
FN:179,(anonymous_11)
FN:180,(anonymous_12)
FNF:13
FNH:7
FNDA:1,(anonymous_0)
FNDA:1,(anonymous_1)
FNDA:1,(anonymous_2)
FNDA:1,(anonymous_3)
FNDA:1,(anonymous_4)
FNDA:1,(anonymous_5)
FNDA:1,(anonymous_6)
FNDA:0,(anonymous_7)
FNDA:0,(anonymous_8)
FNDA:0,(anonymous_9)
FNDA:0,(anonymous_10)
FNDA:0,(anonymous_11)
FNDA:0,(anonymous_12)
DA:1,1
DA:2,1
DA:3,1
DA:4,1
DA:7,1
DA:10,1
DA:11,0
DA:14,1
DA:20,0
DA:21,0
DA:26,0
DA:27,0
DA:28,0
DA:30,0
DA:31,0
DA:33,0
DA:35,0
DA:43,1
DA:47,1
DA:49,1
DA:55,0
DA:56,0
DA:58,0
DA:64,0
DA:70,1
DA:78,1
DA:79,0
DA:80,0
DA:81,0
DA:82,0
DA:83,0
DA:84,0
DA:86,1
DA:89,1
DA:93,0
DA:97,1
DA:98,1
DA:103,0
DA:107,1
DA:108,1
DA:109,1
DA:115,0
DA:116,0
DA:118,0
DA:129,0
DA:131,1
DA:132,1
DA:138,1
DA:139,1
DA:144,0
DA:148,0
DA:149,0
DA:150,0
DA:151,0
DA:154,0
DA:156,0
DA:157,0
DA:158,0
DA:159,0
DA:160,0
DA:163,0
DA:168,0
DA:169,0
DA:170,0
DA:171,0
DA:172,0
DA:174,0
DA:180,0
DA:181,0
DA:182,0
DA:184,0
DA:190,1
LF:72
LH:24
BRDA:10,0,0,0
BRDA:10,0,1,1
BRDA:20,1,0,0
BRDA:20,1,1,0
BRDA:26,2,0,0
BRDA:26,2,1,0
BRDA:26,3,0,0
BRDA:26,3,1,0
BRDA:28,4,0,0
BRDA:28,4,1,0
BRDA:28,5,0,0
BRDA:28,5,1,0
BRDA:55,6,0,0
BRDA:55,6,1,0
BRDA:78,7,0,0
BRDA:78,7,1,1
BRDA:115,8,0,0
BRDA:115,8,1,0
BRDA:149,9,0,0
BRDA:149,9,1,0
BRDA:158,10,0,0
BRDA:158,10,1,0
BRDA:170,11,0,0
BRDA:170,11,1,0
BRDA:181,12,0,0
BRDA:181,12,1,0
BRF:26
BRH:2
end_of_record
TN:
SF:controller\userController.js
FN:5,isUserValid
FN:9,(anonymous_1)
FN:20,(anonymous_2)
FNF:3
FNH:3
FNDA:2,isUserValid
FNDA:4,(anonymous_1)
FNDA:4,(anonymous_2)
DA:1,4
DA:2,4
DA:3,4
DA:6,2
DA:9,4
DA:10,4
DA:11,4
DA:12,2
DA:13,0
DA:16,4
DA:17,4
DA:20,4
DA:21,4
DA:22,4
DA:23,2
DA:25,2
DA:26,2
DA:29,4
LF:18
LH:17
BRDA:11,0,0,2
BRDA:11,0,1,2
BRDA:12,1,0,0
BRDA:12,1,1,2
BRDA:22,2,0,2
BRDA:22,2,1,2
BRF:6
BRH:5
end_of_record
TN:
SF:models\reminderModel.js
FN:5,(anonymous_0)
FN:13,(anonymous_1)
FN:21,(anonymous_2)
FN:27,(anonymous_3)
FN:36,(anonymous_4)
FNF:5
FNH:5
FNDA:1,(anonymous_0)
FNDA:2,(anonymous_1)
FNDA:2,(anonymous_2)
FNDA:1,(anonymous_3)
FNDA:1,(anonymous_4)
DA:1,1
DA:2,1
DA:4,1
DA:6,1
DA:11,1
DA:14,2
DA:19,2
DA:22,2
DA:25,2
DA:28,1
DA:34,1
DA:37,1
DA:45,1
LF:13
LH:13
BRF:0
BRH:0
end_of_record
TN:
SF:models\userModel.js
FN:94,(anonymous_0)
FN:106,(anonymous_1)
FN:117,(anonymous_2)
FNF:3
FNH:3
FNDA:2,(anonymous_0)
FNDA:2,(anonymous_1)
FNDA:5,(anonymous_2)
DA:1,5
DA:2,5
DA:93,5
DA:95,2
DA:100,2
DA:101,1
DA:103,1
DA:104,1
DA:107,2
DA:112,2
DA:113,1
DA:115,1
DA:118,5
DA:121,4
DA:125,5
LF:15
LH:15
BRDA:100,0,0,1
BRDA:100,0,1,1
BRDA:112,1,0,1
BRDA:112,1,1,1
BRF:4
BRH:4
end_of_record
